[0.252s] DEBUG:colcon:Command line arguments: ['/usr/bin/colcon', 'build', '--symlink-install']
[0.252s] DEBUG:colcon:Parsed command line arguments: Namespace(log_base=None, log_level=None, verb_name='build', build_base='build', install_base='install', merge_install=False, symlink_install=True, test_result_base=None, continue_on_error=False, executor='parallel', parallel_workers=12, event_handlers=None, ignore_user_meta=False, metas=['./colcon.meta'], base_paths=['.'], packages_ignore=None, packages_ignore_regex=None, paths=None, packages_up_to=None, packages_up_to_regex=None, packages_above=None, packages_above_and_dependencies=None, packages_above_depth=None, packages_select_by_dep=None, packages_skip_by_dep=None, packages_skip_up_to=None, packages_select_build_failed=False, packages_skip_build_finished=False, packages_select_test_failures=False, packages_skip_test_passed=False, packages_select=None, packages_skip=None, packages_select_regex=None, packages_skip_regex=None, packages_start=None, packages_end=None, allow_overriding=[], cmake_args=None, cmake_target=None, cmake_target_skip_unavailable=False, cmake_clean_cache=False, cmake_clean_first=False, cmake_force_configure=False, ament_cmake_args=None, catkin_cmake_args=None, catkin_skip_building_tests=False, mixin_files=None, mixin=None, verb_parser=<colcon_mixin.mixin.mixin_argument.MixinArgumentDecorator object at 0x791ab3086c60>, verb_extension=<colcon_core.verb.build.BuildVerb object at 0x791ab31ab4a0>, main=<bound method BuildVerb.main of <colcon_core.verb.build.BuildVerb object at 0x791ab31ab4a0>>, mixin_verb=('build',))
[0.548s] Level 1:colcon.colcon_core.package_discovery:discover_packages(colcon_meta) check parameters
[0.549s] Level 1:colcon.colcon_core.package_discovery:discover_packages(recursive) check parameters
[0.549s] Level 1:colcon.colcon_core.package_discovery:discover_packages(ignore) check parameters
[0.549s] Level 1:colcon.colcon_core.package_discovery:discover_packages(path) check parameters
[0.549s] Level 1:colcon.colcon_core.package_discovery:discover_packages(colcon_meta) discover
[0.549s] Level 1:colcon.colcon_core.package_discovery:discover_packages(recursive) discover
[0.549s] INFO:colcon.colcon_core.package_discovery:Crawling recursively for packages in '/home/jujuba/Documents/DROID/WORK/TREKKING_ROS2_WS'
[0.549s] Level 1:colcon.colcon_core.package_identification:_identify(.) by extensions ['ignore', 'ignore_ament_install']
[0.549s] Level 1:colcon.colcon_core.package_identification:_identify(.) by extension 'ignore'
[0.549s] Level 1:colcon.colcon_core.package_identification:_identify(.) by extension 'ignore_ament_install'
[0.550s] Level 1:colcon.colcon_core.package_identification:_identify(.) by extensions ['colcon_pkg']
[0.550s] Level 1:colcon.colcon_core.package_identification:_identify(.) by extension 'colcon_pkg'
[0.550s] Level 1:colcon.colcon_core.package_identification:_identify(.) by extensions ['colcon_meta']
[0.550s] Level 1:colcon.colcon_core.package_identification:_identify(.) by extension 'colcon_meta'
[0.550s] Level 1:colcon.colcon_core.package_identification:_identify(.) by extensions ['ros']
[0.550s] Level 1:colcon.colcon_core.package_identification:_identify(.) by extension 'ros'
[0.598s] Level 1:colcon.colcon_core.package_identification:_identify(.) by extensions ['cmake', 'python']
[0.598s] Level 1:colcon.colcon_core.package_identification:_identify(.) by extension 'cmake'
[0.599s] Level 1:colcon.colcon_core.package_identification:_identify(.) by extension 'python'
[0.599s] Level 1:colcon.colcon_core.package_identification:_identify(.) by extensions ['python_setup_py']
[0.599s] Level 1:colcon.colcon_core.package_identification:_identify(.) by extension 'python_setup_py'
[0.599s] Level 1:colcon.colcon_core.package_identification:_identify(build) by extensions ['ignore', 'ignore_ament_install']
[0.599s] Level 1:colcon.colcon_core.package_identification:_identify(build) by extension 'ignore'
[0.599s] Level 1:colcon.colcon_core.package_identification:_identify(build) ignored
[0.599s] Level 1:colcon.colcon_core.package_identification:_identify(install) by extensions ['ignore', 'ignore_ament_install']
[0.599s] Level 1:colcon.colcon_core.package_identification:_identify(install) by extension 'ignore'
[0.599s] Level 1:colcon.colcon_core.package_identification:_identify(install) ignored
[0.600s] Level 1:colcon.colcon_core.package_identification:_identify(log) by extensions ['ignore', 'ignore_ament_install']
[0.600s] Level 1:colcon.colcon_core.package_identification:_identify(log) by extension 'ignore'
[0.600s] Level 1:colcon.colcon_core.package_identification:_identify(log) ignored
[0.600s] Level 1:colcon.colcon_core.package_identification:_identify(src) by extensions ['ignore', 'ignore_ament_install']
[0.600s] Level 1:colcon.colcon_core.package_identification:_identify(src) by extension 'ignore'
[0.600s] Level 1:colcon.colcon_core.package_identification:_identify(src) by extension 'ignore_ament_install'
[0.600s] Level 1:colcon.colcon_core.package_identification:_identify(src) by extensions ['colcon_pkg']
[0.600s] Level 1:colcon.colcon_core.package_identification:_identify(src) by extension 'colcon_pkg'
[0.600s] Level 1:colcon.colcon_core.package_identification:_identify(src) by extensions ['colcon_meta']
[0.600s] Level 1:colcon.colcon_core.package_identification:_identify(src) by extension 'colcon_meta'
[0.600s] Level 1:colcon.colcon_core.package_identification:_identify(src) by extensions ['ros']
[0.600s] Level 1:colcon.colcon_core.package_identification:_identify(src) by extension 'ros'
[0.601s] Level 1:colcon.colcon_core.package_identification:_identify(src) by extensions ['cmake', 'python']
[0.601s] Level 1:colcon.colcon_core.package_identification:_identify(src) by extension 'cmake'
[0.601s] Level 1:colcon.colcon_core.package_identification:_identify(src) by extension 'python'
[0.601s] Level 1:colcon.colcon_core.package_identification:_identify(src) by extensions ['python_setup_py']
[0.601s] Level 1:colcon.colcon_core.package_identification:_identify(src) by extension 'python_setup_py'
[0.601s] Level 1:colcon.colcon_core.package_identification:_identify(src/micro_ros_setup) by extensions ['ignore', 'ignore_ament_install']
[0.601s] Level 1:colcon.colcon_core.package_identification:_identify(src/micro_ros_setup) by extension 'ignore'
[0.601s] Level 1:colcon.colcon_core.package_identification:_identify(src/micro_ros_setup) by extension 'ignore_ament_install'
[0.601s] Level 1:colcon.colcon_core.package_identification:_identify(src/micro_ros_setup) by extensions ['colcon_pkg']
[0.601s] Level 1:colcon.colcon_core.package_identification:_identify(src/micro_ros_setup) by extension 'colcon_pkg'
[0.601s] Level 1:colcon.colcon_core.package_identification:_identify(src/micro_ros_setup) by extensions ['colcon_meta']
[0.601s] Level 1:colcon.colcon_core.package_identification:_identify(src/micro_ros_setup) by extension 'colcon_meta'
[0.601s] Level 1:colcon.colcon_core.package_identification:_identify(src/micro_ros_setup) by extensions ['ros']
[0.602s] Level 1:colcon.colcon_core.package_identification:_identify(src/micro_ros_setup) by extension 'ros'
[0.606s] DEBUG:colcon.colcon_core.package_identification:Package 'src/micro_ros_setup' with type 'ros.ament_cmake' and name 'micro_ros_setup'
[0.607s] Level 1:colcon.colcon_core.package_identification:_identify(src/rf2o_laser_odometry) by extensions ['ignore', 'ignore_ament_install']
[0.607s] Level 1:colcon.colcon_core.package_identification:_identify(src/rf2o_laser_odometry) by extension 'ignore'
[0.607s] Level 1:colcon.colcon_core.package_identification:_identify(src/rf2o_laser_odometry) by extension 'ignore_ament_install'
[0.607s] Level 1:colcon.colcon_core.package_identification:_identify(src/rf2o_laser_odometry) by extensions ['colcon_pkg']
[0.607s] Level 1:colcon.colcon_core.package_identification:_identify(src/rf2o_laser_odometry) by extension 'colcon_pkg'
[0.607s] Level 1:colcon.colcon_core.package_identification:_identify(src/rf2o_laser_odometry) by extensions ['colcon_meta']
[0.607s] Level 1:colcon.colcon_core.package_identification:_identify(src/rf2o_laser_odometry) by extension 'colcon_meta'
[0.607s] Level 1:colcon.colcon_core.package_identification:_identify(src/rf2o_laser_odometry) by extensions ['ros']
[0.607s] Level 1:colcon.colcon_core.package_identification:_identify(src/rf2o_laser_odometry) by extension 'ros'
[0.609s] DEBUG:colcon.colcon_core.package_identification:Package 'src/rf2o_laser_odometry' with type 'ros.ament_cmake' and name 'rf2o_laser_odometry'
[0.609s] Level 1:colcon.colcon_core.package_identification:_identify(src/rplidar_ros) by extensions ['ignore', 'ignore_ament_install']
[0.609s] Level 1:colcon.colcon_core.package_identification:_identify(src/rplidar_ros) by extension 'ignore'
[0.609s] Level 1:colcon.colcon_core.package_identification:_identify(src/rplidar_ros) by extension 'ignore_ament_install'
[0.609s] Level 1:colcon.colcon_core.package_identification:_identify(src/rplidar_ros) by extensions ['colcon_pkg']
[0.609s] Level 1:colcon.colcon_core.package_identification:_identify(src/rplidar_ros) by extension 'colcon_pkg'
[0.609s] Level 1:colcon.colcon_core.package_identification:_identify(src/rplidar_ros) by extensions ['colcon_meta']
[0.609s] Level 1:colcon.colcon_core.package_identification:_identify(src/rplidar_ros) by extension 'colcon_meta'
[0.609s] Level 1:colcon.colcon_core.package_identification:_identify(src/rplidar_ros) by extensions ['ros']
[0.609s] Level 1:colcon.colcon_core.package_identification:_identify(src/rplidar_ros) by extension 'ros'
[0.610s] DEBUG:colcon.colcon_core.package_identification:Package 'src/rplidar_ros' with type 'ros.ament_cmake' and name 'rplidar_ros'
[0.610s] Level 1:colcon.colcon_core.package_identification:_identify(src/trekking) by extensions ['ignore', 'ignore_ament_install']
[0.611s] Level 1:colcon.colcon_core.package_identification:_identify(src/trekking) by extension 'ignore'
[0.611s] Level 1:colcon.colcon_core.package_identification:_identify(src/trekking) by extension 'ignore_ament_install'
[0.611s] Level 1:colcon.colcon_core.package_identification:_identify(src/trekking) by extensions ['colcon_pkg']
[0.611s] Level 1:colcon.colcon_core.package_identification:_identify(src/trekking) by extension 'colcon_pkg'
[0.611s] Level 1:colcon.colcon_core.package_identification:_identify(src/trekking) by extensions ['colcon_meta']
[0.611s] Level 1:colcon.colcon_core.package_identification:_identify(src/trekking) by extension 'colcon_meta'
[0.611s] Level 1:colcon.colcon_core.package_identification:_identify(src/trekking) by extensions ['ros']
[0.611s] Level 1:colcon.colcon_core.package_identification:_identify(src/trekking) by extension 'ros'
[0.614s] DEBUG:colcon.colcon_core.package_identification:Package 'src/trekking' with type 'ros.ament_cmake' and name 'trekking'
[0.614s] Level 1:colcon.colcon_core.package_discovery:discover_packages(recursive) using defaults
[0.614s] Level 1:colcon.colcon_core.package_discovery:discover_packages(ignore) discover
[0.614s] Level 1:colcon.colcon_core.package_discovery:discover_packages(ignore) using defaults
[0.614s] Level 1:colcon.colcon_core.package_discovery:discover_packages(path) discover
[0.614s] Level 1:colcon.colcon_core.package_discovery:discover_packages(path) using defaults
[0.651s] Level 1:colcon.colcon_core.package_discovery:discover_packages(prefix_path) check parameters
[0.651s] Level 1:colcon.colcon_core.package_discovery:discover_packages(prefix_path) discover
[0.659s] DEBUG:colcon.colcon_installed_package_information.package_discovery:Found 381 installed packages in /opt/ros/jazzy
[0.660s] Level 1:colcon.colcon_core.package_discovery:discover_packages(prefix_path) using defaults
[0.752s] Level 5:colcon.colcon_core.verb:set package 'micro_ros_setup' build argument 'cmake_args' from command line to 'None'
[0.752s] Level 5:colcon.colcon_core.verb:set package 'micro_ros_setup' build argument 'cmake_target' from command line to 'None'
[0.752s] Level 5:colcon.colcon_core.verb:set package 'micro_ros_setup' build argument 'cmake_target_skip_unavailable' from command line to 'False'
[0.752s] Level 5:colcon.colcon_core.verb:set package 'micro_ros_setup' build argument 'cmake_clean_cache' from command line to 'False'
[0.752s] Level 5:colcon.colcon_core.verb:set package 'micro_ros_setup' build argument 'cmake_clean_first' from command line to 'False'
[0.752s] Level 5:colcon.colcon_core.verb:set package 'micro_ros_setup' build argument 'cmake_force_configure' from command line to 'False'
[0.752s] Level 5:colcon.colcon_core.verb:set package 'micro_ros_setup' build argument 'ament_cmake_args' from command line to 'None'
[0.752s] Level 5:colcon.colcon_core.verb:set package 'micro_ros_setup' build argument 'catkin_cmake_args' from command line to 'None'
[0.752s] Level 5:colcon.colcon_core.verb:set package 'micro_ros_setup' build argument 'catkin_skip_building_tests' from command line to 'False'
[0.752s] DEBUG:colcon.colcon_core.verb:Building package 'micro_ros_setup' with the following arguments: {'ament_cmake_args': None, 'build_base': '/home/jujuba/Documents/DROID/WORK/TREKKING_ROS2_WS/build/micro_ros_setup', 'catkin_cmake_args': None, 'catkin_skip_building_tests': False, 'cmake_args': None, 'cmake_clean_cache': False, 'cmake_clean_first': False, 'cmake_force_configure': False, 'cmake_target': None, 'cmake_target_skip_unavailable': False, 'install_base': '/home/jujuba/Documents/DROID/WORK/TREKKING_ROS2_WS/install/micro_ros_setup', 'merge_install': False, 'path': '/home/jujuba/Documents/DROID/WORK/TREKKING_ROS2_WS/src/micro_ros_setup', 'symlink_install': True, 'test_result_base': None}
[0.753s] Level 5:colcon.colcon_core.verb:set package 'rf2o_laser_odometry' build argument 'cmake_args' from command line to 'None'
[0.753s] Level 5:colcon.colcon_core.verb:set package 'rf2o_laser_odometry' build argument 'cmake_target' from command line to 'None'
[0.753s] Level 5:colcon.colcon_core.verb:set package 'rf2o_laser_odometry' build argument 'cmake_target_skip_unavailable' from command line to 'False'
[0.753s] Level 5:colcon.colcon_core.verb:set package 'rf2o_laser_odometry' build argument 'cmake_clean_cache' from command line to 'False'
[0.753s] Level 5:colcon.colcon_core.verb:set package 'rf2o_laser_odometry' build argument 'cmake_clean_first' from command line to 'False'
[0.753s] Level 5:colcon.colcon_core.verb:set package 'rf2o_laser_odometry' build argument 'cmake_force_configure' from command line to 'False'
[0.753s] Level 5:colcon.colcon_core.verb:set package 'rf2o_laser_odometry' build argument 'ament_cmake_args' from command line to 'None'
[0.753s] Level 5:colcon.colcon_core.verb:set package 'rf2o_laser_odometry' build argument 'catkin_cmake_args' from command line to 'None'
[0.753s] Level 5:colcon.colcon_core.verb:set package 'rf2o_laser_odometry' build argument 'catkin_skip_building_tests' from command line to 'False'
[0.753s] DEBUG:colcon.colcon_core.verb:Building package 'rf2o_laser_odometry' with the following arguments: {'ament_cmake_args': None, 'build_base': '/home/jujuba/Documents/DROID/WORK/TREKKING_ROS2_WS/build/rf2o_laser_odometry', 'catkin_cmake_args': None, 'catkin_skip_building_tests': False, 'cmake_args': None, 'cmake_clean_cache': False, 'cmake_clean_first': False, 'cmake_force_configure': False, 'cmake_target': None, 'cmake_target_skip_unavailable': False, 'install_base': '/home/jujuba/Documents/DROID/WORK/TREKKING_ROS2_WS/install/rf2o_laser_odometry', 'merge_install': False, 'path': '/home/jujuba/Documents/DROID/WORK/TREKKING_ROS2_WS/src/rf2o_laser_odometry', 'symlink_install': True, 'test_result_base': None}
[0.753s] Level 5:colcon.colcon_core.verb:set package 'rplidar_ros' build argument 'cmake_args' from command line to 'None'
[0.753s] Level 5:colcon.colcon_core.verb:set package 'rplidar_ros' build argument 'cmake_target' from command line to 'None'
[0.753s] Level 5:colcon.colcon_core.verb:set package 'rplidar_ros' build argument 'cmake_target_skip_unavailable' from command line to 'False'
[0.754s] Level 5:colcon.colcon_core.verb:set package 'rplidar_ros' build argument 'cmake_clean_cache' from command line to 'False'
[0.754s] Level 5:colcon.colcon_core.verb:set package 'rplidar_ros' build argument 'cmake_clean_first' from command line to 'False'
[0.754s] Level 5:colcon.colcon_core.verb:set package 'rplidar_ros' build argument 'cmake_force_configure' from command line to 'False'
[0.754s] Level 5:colcon.colcon_core.verb:set package 'rplidar_ros' build argument 'ament_cmake_args' from command line to 'None'
[0.754s] Level 5:colcon.colcon_core.verb:set package 'rplidar_ros' build argument 'catkin_cmake_args' from command line to 'None'
[0.754s] Level 5:colcon.colcon_core.verb:set package 'rplidar_ros' build argument 'catkin_skip_building_tests' from command line to 'False'
[0.754s] DEBUG:colcon.colcon_core.verb:Building package 'rplidar_ros' with the following arguments: {'ament_cmake_args': None, 'build_base': '/home/jujuba/Documents/DROID/WORK/TREKKING_ROS2_WS/build/rplidar_ros', 'catkin_cmake_args': None, 'catkin_skip_building_tests': False, 'cmake_args': None, 'cmake_clean_cache': False, 'cmake_clean_first': False, 'cmake_force_configure': False, 'cmake_target': None, 'cmake_target_skip_unavailable': False, 'install_base': '/home/jujuba/Documents/DROID/WORK/TREKKING_ROS2_WS/install/rplidar_ros', 'merge_install': False, 'path': '/home/jujuba/Documents/DROID/WORK/TREKKING_ROS2_WS/src/rplidar_ros', 'symlink_install': True, 'test_result_base': None}
[0.754s] Level 5:colcon.colcon_core.verb:set package 'trekking' build argument 'cmake_args' from command line to 'None'
[0.754s] Level 5:colcon.colcon_core.verb:set package 'trekking' build argument 'cmake_target' from command line to 'None'
[0.754s] Level 5:colcon.colcon_core.verb:set package 'trekking' build argument 'cmake_target_skip_unavailable' from command line to 'False'
[0.754s] Level 5:colcon.colcon_core.verb:set package 'trekking' build argument 'cmake_clean_cache' from command line to 'False'
[0.754s] Level 5:colcon.colcon_core.verb:set package 'trekking' build argument 'cmake_clean_first' from command line to 'False'
[0.754s] Level 5:colcon.colcon_core.verb:set package 'trekking' build argument 'cmake_force_configure' from command line to 'False'
[0.754s] Level 5:colcon.colcon_core.verb:set package 'trekking' build argument 'ament_cmake_args' from command line to 'None'
[0.754s] Level 5:colcon.colcon_core.verb:set package 'trekking' build argument 'catkin_cmake_args' from command line to 'None'
[0.754s] Level 5:colcon.colcon_core.verb:set package 'trekking' build argument 'catkin_skip_building_tests' from command line to 'False'
[0.754s] DEBUG:colcon.colcon_core.verb:Building package 'trekking' with the following arguments: {'ament_cmake_args': None, 'build_base': '/home/jujuba/Documents/DROID/WORK/TREKKING_ROS2_WS/build/trekking', 'catkin_cmake_args': None, 'catkin_skip_building_tests': False, 'cmake_args': None, 'cmake_clean_cache': False, 'cmake_clean_first': False, 'cmake_force_configure': False, 'cmake_target': None, 'cmake_target_skip_unavailable': False, 'install_base': '/home/jujuba/Documents/DROID/WORK/TREKKING_ROS2_WS/install/trekking', 'merge_install': False, 'path': '/home/jujuba/Documents/DROID/WORK/TREKKING_ROS2_WS/src/trekking', 'symlink_install': True, 'test_result_base': None}
[0.755s] INFO:colcon.colcon_core.executor:Executing jobs using 'parallel' executor
[0.756s] DEBUG:colcon.colcon_parallel_executor.executor.parallel:run_until_complete
[0.757s] INFO:colcon.colcon_ros.task.ament_cmake.build:Building ROS package in '/home/jujuba/Documents/DROID/WORK/TREKKING_ROS2_WS/src/micro_ros_setup' with build type 'ament_cmake'
[0.757s] INFO:colcon.colcon_cmake.task.cmake.build:Building CMake package in '/home/jujuba/Documents/DROID/WORK/TREKKING_ROS2_WS/src/micro_ros_setup'
[0.762s] INFO:colcon.colcon_core.plugin_system:Skipping extension 'colcon_core.shell.bat': Not used on non-Windows systems
[0.763s] INFO:colcon.colcon_core.shell:Skip shell extension 'powershell' for command environment: Not usable outside of PowerShell
[0.763s] DEBUG:colcon.colcon_core.shell:Skip shell extension 'dsv' for command environment
[0.770s] INFO:colcon.colcon_ros.task.ament_cmake.build:Building ROS package in '/home/jujuba/Documents/DROID/WORK/TREKKING_ROS2_WS/src/rf2o_laser_odometry' with build type 'ament_cmake'
[0.770s] INFO:colcon.colcon_cmake.task.cmake.build:Building CMake package in '/home/jujuba/Documents/DROID/WORK/TREKKING_ROS2_WS/src/rf2o_laser_odometry'
[0.771s] INFO:colcon.colcon_core.shell:Skip shell extension 'powershell' for command environment: Not usable outside of PowerShell
[0.771s] DEBUG:colcon.colcon_core.shell:Skip shell extension 'dsv' for command environment
[0.777s] INFO:colcon.colcon_ros.task.ament_cmake.build:Building ROS package in '/home/jujuba/Documents/DROID/WORK/TREKKING_ROS2_WS/src/rplidar_ros' with build type 'ament_cmake'
[0.777s] INFO:colcon.colcon_cmake.task.cmake.build:Building CMake package in '/home/jujuba/Documents/DROID/WORK/TREKKING_ROS2_WS/src/rplidar_ros'
[0.777s] INFO:colcon.colcon_core.shell:Skip shell extension 'powershell' for command environment: Not usable outside of PowerShell
[0.778s] DEBUG:colcon.colcon_core.shell:Skip shell extension 'dsv' for command environment
[0.784s] INFO:colcon.colcon_ros.task.ament_cmake.build:Building ROS package in '/home/jujuba/Documents/DROID/WORK/TREKKING_ROS2_WS/src/trekking' with build type 'ament_cmake'
[0.784s] INFO:colcon.colcon_cmake.task.cmake.build:Building CMake package in '/home/jujuba/Documents/DROID/WORK/TREKKING_ROS2_WS/src/trekking'
[0.784s] INFO:colcon.colcon_core.shell:Skip shell extension 'powershell' for command environment: Not usable outside of PowerShell
[0.784s] DEBUG:colcon.colcon_core.shell:Skip shell extension 'dsv' for command environment
[0.798s] DEBUG:colcon.colcon_core.event_handler.log_command:Invoking command in '/home/jujuba/Documents/DROID/WORK/TREKKING_ROS2_WS/build/micro_ros_setup': CMAKE_PREFIX_PATH=${CMAKE_PREFIX_PATH}:/opt/ros/jazzy DEBUGINFOD_URLS=https://debuginfod.ubuntu.com /usr/bin/cmake /home/jujuba/Documents/DROID/WORK/TREKKING_ROS2_WS/src/micro_ros_setup -DAMENT_CMAKE_SYMLINK_INSTALL=1 -DCMAKE_INSTALL_PREFIX=/home/jujuba/Documents/DROID/WORK/TREKKING_ROS2_WS/install/micro_ros_setup
[0.804s] DEBUG:colcon.colcon_core.event_handler.log_command:Invoking command in '/home/jujuba/Documents/DROID/WORK/TREKKING_ROS2_WS/build/rf2o_laser_odometry': CMAKE_PREFIX_PATH=${CMAKE_PREFIX_PATH}:/opt/ros/jazzy DEBUGINFOD_URLS=https://debuginfod.ubuntu.com /usr/bin/cmake /home/jujuba/Documents/DROID/WORK/TREKKING_ROS2_WS/src/rf2o_laser_odometry -DAMENT_CMAKE_SYMLINK_INSTALL=1 -DCMAKE_INSTALL_PREFIX=/home/jujuba/Documents/DROID/WORK/TREKKING_ROS2_WS/install/rf2o_laser_odometry
[0.806s] DEBUG:colcon.colcon_core.event_handler.log_command:Invoking command in '/home/jujuba/Documents/DROID/WORK/TREKKING_ROS2_WS/build/rplidar_ros': CMAKE_PREFIX_PATH=${CMAKE_PREFIX_PATH}:/opt/ros/jazzy DEBUGINFOD_URLS=https://debuginfod.ubuntu.com /usr/bin/cmake /home/jujuba/Documents/DROID/WORK/TREKKING_ROS2_WS/src/rplidar_ros -DAMENT_CMAKE_SYMLINK_INSTALL=1 -DCMAKE_INSTALL_PREFIX=/home/jujuba/Documents/DROID/WORK/TREKKING_ROS2_WS/install/rplidar_ros
[0.815s] DEBUG:colcon.colcon_core.event_handler.log_command:Invoking command in '/home/jujuba/Documents/DROID/WORK/TREKKING_ROS2_WS/build/trekking': CMAKE_PREFIX_PATH=${CMAKE_PREFIX_PATH}:/opt/ros/jazzy DEBUGINFOD_URLS=https://debuginfod.ubuntu.com /usr/bin/cmake /home/jujuba/Documents/DROID/WORK/TREKKING_ROS2_WS/src/trekking -DAMENT_CMAKE_SYMLINK_INSTALL=1 -DCMAKE_INSTALL_PREFIX=/home/jujuba/Documents/DROID/WORK/TREKKING_ROS2_WS/install/trekking
[2.549s] DEBUG:colcon.colcon_core.event_handler.log_command:Invoked command in '/home/jujuba/Documents/DROID/WORK/TREKKING_ROS2_WS/build/micro_ros_setup' returned '0': CMAKE_PREFIX_PATH=${CMAKE_PREFIX_PATH}:/opt/ros/jazzy DEBUGINFOD_URLS=https://debuginfod.ubuntu.com /usr/bin/cmake /home/jujuba/Documents/DROID/WORK/TREKKING_ROS2_WS/src/micro_ros_setup -DAMENT_CMAKE_SYMLINK_INSTALL=1 -DCMAKE_INSTALL_PREFIX=/home/jujuba/Documents/DROID/WORK/TREKKING_ROS2_WS/install/micro_ros_setup
[2.551s] DEBUG:colcon.colcon_core.event_handler.log_command:Invoking command in '/home/jujuba/Documents/DROID/WORK/TREKKING_ROS2_WS/build/micro_ros_setup': CMAKE_PREFIX_PATH=${CMAKE_PREFIX_PATH}:/opt/ros/jazzy DEBUGINFOD_URLS=https://debuginfod.ubuntu.com /usr/bin/cmake --build /home/jujuba/Documents/DROID/WORK/TREKKING_ROS2_WS/build/micro_ros_setup -- -j12 -l12
[2.635s] DEBUG:colcon.colcon_core.event_handler.log_command:Invoked command in '/home/jujuba/Documents/DROID/WORK/TREKKING_ROS2_WS/build/micro_ros_setup' returned '0': CMAKE_PREFIX_PATH=${CMAKE_PREFIX_PATH}:/opt/ros/jazzy DEBUGINFOD_URLS=https://debuginfod.ubuntu.com /usr/bin/cmake --build /home/jujuba/Documents/DROID/WORK/TREKKING_ROS2_WS/build/micro_ros_setup -- -j12 -l12
[2.656s] DEBUG:colcon.colcon_core.event_handler.log_command:Invoking command in '/home/jujuba/Documents/DROID/WORK/TREKKING_ROS2_WS/build/micro_ros_setup': CMAKE_PREFIX_PATH=${CMAKE_PREFIX_PATH}:/opt/ros/jazzy DEBUGINFOD_URLS=https://debuginfod.ubuntu.com /usr/bin/cmake --install /home/jujuba/Documents/DROID/WORK/TREKKING_ROS2_WS/build/micro_ros_setup
[2.659s] DEBUG:colcon.colcon_core.event_handler.log_command:Invoked command in '/home/jujuba/Documents/DROID/WORK/TREKKING_ROS2_WS/build/trekking' returned '0': CMAKE_PREFIX_PATH=${CMAKE_PREFIX_PATH}:/opt/ros/jazzy DEBUGINFOD_URLS=https://debuginfod.ubuntu.com /usr/bin/cmake /home/jujuba/Documents/DROID/WORK/TREKKING_ROS2_WS/src/trekking -DAMENT_CMAKE_SYMLINK_INSTALL=1 -DCMAKE_INSTALL_PREFIX=/home/jujuba/Documents/DROID/WORK/TREKKING_ROS2_WS/install/trekking
[2.660s] DEBUG:colcon.colcon_core.event_handler.log_command:Invoking command in '/home/jujuba/Documents/DROID/WORK/TREKKING_ROS2_WS/build/trekking': CMAKE_PREFIX_PATH=${CMAKE_PREFIX_PATH}:/opt/ros/jazzy DEBUGINFOD_URLS=https://debuginfod.ubuntu.com /usr/bin/cmake --build /home/jujuba/Documents/DROID/WORK/TREKKING_ROS2_WS/build/trekking -- -j12 -l12
[2.745s] DEBUG:colcon.colcon_core.event_handler.log_command:Invoked command in '/home/jujuba/Documents/DROID/WORK/TREKKING_ROS2_WS/build/trekking' returned '0': CMAKE_PREFIX_PATH=${CMAKE_PREFIX_PATH}:/opt/ros/jazzy DEBUGINFOD_URLS=https://debuginfod.ubuntu.com /usr/bin/cmake --build /home/jujuba/Documents/DROID/WORK/TREKKING_ROS2_WS/build/trekking -- -j12 -l12
[2.747s] DEBUG:colcon.colcon_core.event_handler.log_command:Invoking command in '/home/jujuba/Documents/DROID/WORK/TREKKING_ROS2_WS/build/trekking': CMAKE_PREFIX_PATH=${CMAKE_PREFIX_PATH}:/opt/ros/jazzy DEBUGINFOD_URLS=https://debuginfod.ubuntu.com /usr/bin/cmake --install /home/jujuba/Documents/DROID/WORK/TREKKING_ROS2_WS/build/trekking
[3.222s] Level 1:colcon.colcon_core.environment:create_environment_scripts_only(micro_ros_setup)
[3.223s] DEBUG:colcon.colcon_core.event_handler.log_command:Invoked command in '/home/jujuba/Documents/DROID/WORK/TREKKING_ROS2_WS/build/micro_ros_setup' returned '0': CMAKE_PREFIX_PATH=${CMAKE_PREFIX_PATH}:/opt/ros/jazzy DEBUGINFOD_URLS=https://debuginfod.ubuntu.com /usr/bin/cmake --install /home/jujuba/Documents/DROID/WORK/TREKKING_ROS2_WS/build/micro_ros_setup
[3.237s] Level 1:colcon.colcon_core.environment:checking '/home/jujuba/Documents/DROID/WORK/TREKKING_ROS2_WS/install/micro_ros_setup' for CMake module files
[3.239s] Level 1:colcon.colcon_core.environment:checking '/home/jujuba/Documents/DROID/WORK/TREKKING_ROS2_WS/install/micro_ros_setup' for CMake config files
[3.241s] Level 1:colcon.colcon_core.shell:create_environment_hook('micro_ros_setup', 'cmake_prefix_path')
[3.241s] INFO:colcon.colcon_core.shell:Creating environment hook '/home/jujuba/Documents/DROID/WORK/TREKKING_ROS2_WS/install/micro_ros_setup/share/micro_ros_setup/hook/cmake_prefix_path.ps1'
[3.242s] INFO:colcon.colcon_core.shell:Creating environment descriptor '/home/jujuba/Documents/DROID/WORK/TREKKING_ROS2_WS/install/micro_ros_setup/share/micro_ros_setup/hook/cmake_prefix_path.dsv'
[3.243s] INFO:colcon.colcon_core.shell:Creating environment hook '/home/jujuba/Documents/DROID/WORK/TREKKING_ROS2_WS/install/micro_ros_setup/share/micro_ros_setup/hook/cmake_prefix_path.sh'
[3.245s] Level 1:colcon.colcon_core.environment:checking '/home/jujuba/Documents/DROID/WORK/TREKKING_ROS2_WS/install/micro_ros_setup/lib'
[3.245s] Level 1:colcon.colcon_core.environment:checking '/home/jujuba/Documents/DROID/WORK/TREKKING_ROS2_WS/install/micro_ros_setup/bin'
[3.245s] Level 1:colcon.colcon_core.environment:checking '/home/jujuba/Documents/DROID/WORK/TREKKING_ROS2_WS/install/micro_ros_setup/lib/pkgconfig/micro_ros_setup.pc'
[3.246s] Level 1:colcon.colcon_core.environment:checking '/home/jujuba/Documents/DROID/WORK/TREKKING_ROS2_WS/install/micro_ros_setup/lib/python3.12/site-packages'
[3.246s] Level 1:colcon.colcon_core.environment:checking '/home/jujuba/Documents/DROID/WORK/TREKKING_ROS2_WS/install/micro_ros_setup/bin'
[3.247s] INFO:colcon.colcon_core.shell:Creating package script '/home/jujuba/Documents/DROID/WORK/TREKKING_ROS2_WS/install/micro_ros_setup/share/micro_ros_setup/package.ps1'
[3.248s] INFO:colcon.colcon_core.shell:Creating package descriptor '/home/jujuba/Documents/DROID/WORK/TREKKING_ROS2_WS/install/micro_ros_setup/share/micro_ros_setup/package.dsv'
[3.250s] INFO:colcon.colcon_core.shell:Creating package script '/home/jujuba/Documents/DROID/WORK/TREKKING_ROS2_WS/install/micro_ros_setup/share/micro_ros_setup/package.sh'
[3.251s] INFO:colcon.colcon_core.shell:Creating package script '/home/jujuba/Documents/DROID/WORK/TREKKING_ROS2_WS/install/micro_ros_setup/share/micro_ros_setup/package.bash'
[3.253s] INFO:colcon.colcon_core.shell:Creating package script '/home/jujuba/Documents/DROID/WORK/TREKKING_ROS2_WS/install/micro_ros_setup/share/micro_ros_setup/package.zsh'
[3.254s] Level 1:colcon.colcon_core.environment:create_file_with_runtime_dependencies(/home/jujuba/Documents/DROID/WORK/TREKKING_ROS2_WS/install/micro_ros_setup/share/colcon-core/packages/micro_ros_setup)
[3.255s] Level 1:colcon.colcon_core.environment:create_environment_scripts_only(micro_ros_setup)
[3.255s] Level 1:colcon.colcon_core.environment:checking '/home/jujuba/Documents/DROID/WORK/TREKKING_ROS2_WS/install/micro_ros_setup' for CMake module files
[3.257s] Level 1:colcon.colcon_core.environment:checking '/home/jujuba/Documents/DROID/WORK/TREKKING_ROS2_WS/install/micro_ros_setup' for CMake config files
[3.258s] Level 1:colcon.colcon_core.shell:create_environment_hook('micro_ros_setup', 'cmake_prefix_path')
[3.259s] INFO:colcon.colcon_core.shell:Creating environment hook '/home/jujuba/Documents/DROID/WORK/TREKKING_ROS2_WS/install/micro_ros_setup/share/micro_ros_setup/hook/cmake_prefix_path.ps1'
[3.260s] INFO:colcon.colcon_core.shell:Creating environment descriptor '/home/jujuba/Documents/DROID/WORK/TREKKING_ROS2_WS/install/micro_ros_setup/share/micro_ros_setup/hook/cmake_prefix_path.dsv'
[3.260s] INFO:colcon.colcon_core.shell:Creating environment hook '/home/jujuba/Documents/DROID/WORK/TREKKING_ROS2_WS/install/micro_ros_setup/share/micro_ros_setup/hook/cmake_prefix_path.sh'
[3.261s] Level 1:colcon.colcon_core.environment:checking '/home/jujuba/Documents/DROID/WORK/TREKKING_ROS2_WS/install/micro_ros_setup/lib'
[3.261s] Level 1:colcon.colcon_core.environment:checking '/home/jujuba/Documents/DROID/WORK/TREKKING_ROS2_WS/install/micro_ros_setup/bin'
[3.261s] Level 1:colcon.colcon_core.environment:checking '/home/jujuba/Documents/DROID/WORK/TREKKING_ROS2_WS/install/micro_ros_setup/lib/pkgconfig/micro_ros_setup.pc'
[3.261s] Level 1:colcon.colcon_core.environment:checking '/home/jujuba/Documents/DROID/WORK/TREKKING_ROS2_WS/install/micro_ros_setup/lib/python3.12/site-packages'
[3.262s] Level 1:colcon.colcon_core.environment:checking '/home/jujuba/Documents/DROID/WORK/TREKKING_ROS2_WS/install/micro_ros_setup/bin'
[3.262s] INFO:colcon.colcon_core.shell:Creating package script '/home/jujuba/Documents/DROID/WORK/TREKKING_ROS2_WS/install/micro_ros_setup/share/micro_ros_setup/package.ps1'
[3.263s] INFO:colcon.colcon_core.shell:Creating package descriptor '/home/jujuba/Documents/DROID/WORK/TREKKING_ROS2_WS/install/micro_ros_setup/share/micro_ros_setup/package.dsv'
[3.265s] INFO:colcon.colcon_core.shell:Creating package script '/home/jujuba/Documents/DROID/WORK/TREKKING_ROS2_WS/install/micro_ros_setup/share/micro_ros_setup/package.sh'
[3.266s] INFO:colcon.colcon_core.shell:Creating package script '/home/jujuba/Documents/DROID/WORK/TREKKING_ROS2_WS/install/micro_ros_setup/share/micro_ros_setup/package.bash'
[3.267s] INFO:colcon.colcon_core.shell:Creating package script '/home/jujuba/Documents/DROID/WORK/TREKKING_ROS2_WS/install/micro_ros_setup/share/micro_ros_setup/package.zsh'
[3.268s] Level 1:colcon.colcon_core.environment:create_file_with_runtime_dependencies(/home/jujuba/Documents/DROID/WORK/TREKKING_ROS2_WS/install/micro_ros_setup/share/colcon-core/packages/micro_ros_setup)
[3.342s] Level 1:colcon.colcon_core.environment:create_environment_scripts_only(trekking)
[3.343s] Level 1:colcon.colcon_core.environment:checking '/home/jujuba/Documents/DROID/WORK/TREKKING_ROS2_WS/install/trekking' for CMake module files
[3.344s] DEBUG:colcon.colcon_core.event_handler.log_command:Invoked command in '/home/jujuba/Documents/DROID/WORK/TREKKING_ROS2_WS/build/trekking' returned '0': CMAKE_PREFIX_PATH=${CMAKE_PREFIX_PATH}:/opt/ros/jazzy DEBUGINFOD_URLS=https://debuginfod.ubuntu.com /usr/bin/cmake --install /home/jujuba/Documents/DROID/WORK/TREKKING_ROS2_WS/build/trekking
[3.344s] Level 1:colcon.colcon_core.environment:checking '/home/jujuba/Documents/DROID/WORK/TREKKING_ROS2_WS/install/trekking' for CMake config files
[3.345s] Level 1:colcon.colcon_core.shell:create_environment_hook('trekking', 'cmake_prefix_path')
[3.345s] INFO:colcon.colcon_core.shell:Creating environment hook '/home/jujuba/Documents/DROID/WORK/TREKKING_ROS2_WS/install/trekking/share/trekking/hook/cmake_prefix_path.ps1'
[3.346s] INFO:colcon.colcon_core.shell:Creating environment descriptor '/home/jujuba/Documents/DROID/WORK/TREKKING_ROS2_WS/install/trekking/share/trekking/hook/cmake_prefix_path.dsv'
[3.346s] INFO:colcon.colcon_core.shell:Creating environment hook '/home/jujuba/Documents/DROID/WORK/TREKKING_ROS2_WS/install/trekking/share/trekking/hook/cmake_prefix_path.sh'
[3.347s] Level 1:colcon.colcon_core.environment:checking '/home/jujuba/Documents/DROID/WORK/TREKKING_ROS2_WS/install/trekking/bin'
[3.347s] Level 1:colcon.colcon_core.environment:checking '/home/jujuba/Documents/DROID/WORK/TREKKING_ROS2_WS/install/trekking/lib/pkgconfig/trekking.pc'
[3.347s] Level 1:colcon.colcon_core.environment:checking '/home/jujuba/Documents/DROID/WORK/TREKKING_ROS2_WS/install/trekking/lib/python3.12/site-packages'
[3.348s] Level 1:colcon.colcon_core.environment:checking '/home/jujuba/Documents/DROID/WORK/TREKKING_ROS2_WS/install/trekking/bin'
[3.348s] INFO:colcon.colcon_core.shell:Creating package script '/home/jujuba/Documents/DROID/WORK/TREKKING_ROS2_WS/install/trekking/share/trekking/package.ps1'
[3.349s] INFO:colcon.colcon_core.shell:Creating package descriptor '/home/jujuba/Documents/DROID/WORK/TREKKING_ROS2_WS/install/trekking/share/trekking/package.dsv'
[3.349s] INFO:colcon.colcon_core.shell:Creating package script '/home/jujuba/Documents/DROID/WORK/TREKKING_ROS2_WS/install/trekking/share/trekking/package.sh'
[3.350s] INFO:colcon.colcon_core.shell:Creating package script '/home/jujuba/Documents/DROID/WORK/TREKKING_ROS2_WS/install/trekking/share/trekking/package.bash'
[3.350s] INFO:colcon.colcon_core.shell:Creating package script '/home/jujuba/Documents/DROID/WORK/TREKKING_ROS2_WS/install/trekking/share/trekking/package.zsh'
[3.351s] Level 1:colcon.colcon_core.environment:create_file_with_runtime_dependencies(/home/jujuba/Documents/DROID/WORK/TREKKING_ROS2_WS/install/trekking/share/colcon-core/packages/trekking)
[3.351s] Level 1:colcon.colcon_core.environment:create_environment_scripts_only(trekking)
[3.352s] Level 1:colcon.colcon_core.environment:checking '/home/jujuba/Documents/DROID/WORK/TREKKING_ROS2_WS/install/trekking' for CMake module files
[3.352s] Level 1:colcon.colcon_core.environment:checking '/home/jujuba/Documents/DROID/WORK/TREKKING_ROS2_WS/install/trekking' for CMake config files
[3.353s] Level 1:colcon.colcon_core.shell:create_environment_hook('trekking', 'cmake_prefix_path')
[3.353s] INFO:colcon.colcon_core.shell:Creating environment hook '/home/jujuba/Documents/DROID/WORK/TREKKING_ROS2_WS/install/trekking/share/trekking/hook/cmake_prefix_path.ps1'
[3.354s] INFO:colcon.colcon_core.shell:Creating environment descriptor '/home/jujuba/Documents/DROID/WORK/TREKKING_ROS2_WS/install/trekking/share/trekking/hook/cmake_prefix_path.dsv'
[3.354s] INFO:colcon.colcon_core.shell:Creating environment hook '/home/jujuba/Documents/DROID/WORK/TREKKING_ROS2_WS/install/trekking/share/trekking/hook/cmake_prefix_path.sh'
[3.355s] Level 1:colcon.colcon_core.environment:checking '/home/jujuba/Documents/DROID/WORK/TREKKING_ROS2_WS/install/trekking/bin'
[3.355s] Level 1:colcon.colcon_core.environment:checking '/home/jujuba/Documents/DROID/WORK/TREKKING_ROS2_WS/install/trekking/lib/pkgconfig/trekking.pc'
[3.356s] Level 1:colcon.colcon_core.environment:checking '/home/jujuba/Documents/DROID/WORK/TREKKING_ROS2_WS/install/trekking/lib/python3.12/site-packages'
[3.356s] Level 1:colcon.colcon_core.environment:checking '/home/jujuba/Documents/DROID/WORK/TREKKING_ROS2_WS/install/trekking/bin'
[3.356s] INFO:colcon.colcon_core.shell:Creating package script '/home/jujuba/Documents/DROID/WORK/TREKKING_ROS2_WS/install/trekking/share/trekking/package.ps1'
[3.357s] INFO:colcon.colcon_core.shell:Creating package descriptor '/home/jujuba/Documents/DROID/WORK/TREKKING_ROS2_WS/install/trekking/share/trekking/package.dsv'
[3.357s] INFO:colcon.colcon_core.shell:Creating package script '/home/jujuba/Documents/DROID/WORK/TREKKING_ROS2_WS/install/trekking/share/trekking/package.sh'
[3.358s] INFO:colcon.colcon_core.shell:Creating package script '/home/jujuba/Documents/DROID/WORK/TREKKING_ROS2_WS/install/trekking/share/trekking/package.bash'
[3.359s] INFO:colcon.colcon_core.shell:Creating package script '/home/jujuba/Documents/DROID/WORK/TREKKING_ROS2_WS/install/trekking/share/trekking/package.zsh'
[3.359s] Level 1:colcon.colcon_core.environment:create_file_with_runtime_dependencies(/home/jujuba/Documents/DROID/WORK/TREKKING_ROS2_WS/install/trekking/share/colcon-core/packages/trekking)
[3.825s] DEBUG:colcon.colcon_core.event_handler.log_command:Invoked command in '/home/jujuba/Documents/DROID/WORK/TREKKING_ROS2_WS/build/rplidar_ros' returned '0': CMAKE_PREFIX_PATH=${CMAKE_PREFIX_PATH}:/opt/ros/jazzy DEBUGINFOD_URLS=https://debuginfod.ubuntu.com /usr/bin/cmake /home/jujuba/Documents/DROID/WORK/TREKKING_ROS2_WS/src/rplidar_ros -DAMENT_CMAKE_SYMLINK_INSTALL=1 -DCMAKE_INSTALL_PREFIX=/home/jujuba/Documents/DROID/WORK/TREKKING_ROS2_WS/install/rplidar_ros
[3.827s] DEBUG:colcon.colcon_core.event_handler.log_command:Invoking command in '/home/jujuba/Documents/DROID/WORK/TREKKING_ROS2_WS/build/rplidar_ros': CMAKE_PREFIX_PATH=${CMAKE_PREFIX_PATH}:/opt/ros/jazzy DEBUGINFOD_URLS=https://debuginfod.ubuntu.com /usr/bin/cmake --build /home/jujuba/Documents/DROID/WORK/TREKKING_ROS2_WS/build/rplidar_ros -- -j12 -l12
[4.481s] DEBUG:colcon.colcon_core.event_handler.log_command:Invoked command in '/home/jujuba/Documents/DROID/WORK/TREKKING_ROS2_WS/build/rf2o_laser_odometry' returned '0': CMAKE_PREFIX_PATH=${CMAKE_PREFIX_PATH}:/opt/ros/jazzy DEBUGINFOD_URLS=https://debuginfod.ubuntu.com /usr/bin/cmake /home/jujuba/Documents/DROID/WORK/TREKKING_ROS2_WS/src/rf2o_laser_odometry -DAMENT_CMAKE_SYMLINK_INSTALL=1 -DCMAKE_INSTALL_PREFIX=/home/jujuba/Documents/DROID/WORK/TREKKING_ROS2_WS/install/rf2o_laser_odometry
[4.484s] DEBUG:colcon.colcon_core.event_handler.log_command:Invoking command in '/home/jujuba/Documents/DROID/WORK/TREKKING_ROS2_WS/build/rf2o_laser_odometry': CMAKE_PREFIX_PATH=${CMAKE_PREFIX_PATH}:/opt/ros/jazzy DEBUGINFOD_URLS=https://debuginfod.ubuntu.com /usr/bin/cmake --build /home/jujuba/Documents/DROID/WORK/TREKKING_ROS2_WS/build/rf2o_laser_odometry -- -j12 -l12
[15.970s] DEBUG:colcon.colcon_core.event_handler.log_command:Invoked command in '/home/jujuba/Documents/DROID/WORK/TREKKING_ROS2_WS/build/rplidar_ros' returned '0': CMAKE_PREFIX_PATH=${CMAKE_PREFIX_PATH}:/opt/ros/jazzy DEBUGINFOD_URLS=https://debuginfod.ubuntu.com /usr/bin/cmake --build /home/jujuba/Documents/DROID/WORK/TREKKING_ROS2_WS/build/rplidar_ros -- -j12 -l12
[15.971s] DEBUG:colcon.colcon_core.event_handler.log_command:Invoking command in '/home/jujuba/Documents/DROID/WORK/TREKKING_ROS2_WS/build/rplidar_ros': CMAKE_PREFIX_PATH=${CMAKE_PREFIX_PATH}:/opt/ros/jazzy DEBUGINFOD_URLS=https://debuginfod.ubuntu.com /usr/bin/cmake --install /home/jujuba/Documents/DROID/WORK/TREKKING_ROS2_WS/build/rplidar_ros
[16.556s] Level 1:colcon.colcon_core.environment:create_environment_scripts_only(rplidar_ros)
[16.556s] Level 1:colcon.colcon_core.environment:checking '/home/jujuba/Documents/DROID/WORK/TREKKING_ROS2_WS/install/rplidar_ros' for CMake module files
[16.557s] DEBUG:colcon.colcon_core.event_handler.log_command:Invoked command in '/home/jujuba/Documents/DROID/WORK/TREKKING_ROS2_WS/build/rplidar_ros' returned '0': CMAKE_PREFIX_PATH=${CMAKE_PREFIX_PATH}:/opt/ros/jazzy DEBUGINFOD_URLS=https://debuginfod.ubuntu.com /usr/bin/cmake --install /home/jujuba/Documents/DROID/WORK/TREKKING_ROS2_WS/build/rplidar_ros
[16.557s] Level 1:colcon.colcon_core.environment:checking '/home/jujuba/Documents/DROID/WORK/TREKKING_ROS2_WS/install/rplidar_ros' for CMake config files
[16.558s] Level 1:colcon.colcon_core.shell:create_environment_hook('rplidar_ros', 'cmake_prefix_path')
[16.558s] INFO:colcon.colcon_core.shell:Creating environment hook '/home/jujuba/Documents/DROID/WORK/TREKKING_ROS2_WS/install/rplidar_ros/share/rplidar_ros/hook/cmake_prefix_path.ps1'
[16.559s] INFO:colcon.colcon_core.shell:Creating environment descriptor '/home/jujuba/Documents/DROID/WORK/TREKKING_ROS2_WS/install/rplidar_ros/share/rplidar_ros/hook/cmake_prefix_path.dsv'
[16.559s] INFO:colcon.colcon_core.shell:Creating environment hook '/home/jujuba/Documents/DROID/WORK/TREKKING_ROS2_WS/install/rplidar_ros/share/rplidar_ros/hook/cmake_prefix_path.sh'
[16.560s] Level 1:colcon.colcon_core.environment:checking '/home/jujuba/Documents/DROID/WORK/TREKKING_ROS2_WS/install/rplidar_ros/lib'
[16.561s] Level 1:colcon.colcon_core.environment:checking '/home/jujuba/Documents/DROID/WORK/TREKKING_ROS2_WS/install/rplidar_ros/bin'
[16.561s] Level 1:colcon.colcon_core.environment:checking '/home/jujuba/Documents/DROID/WORK/TREKKING_ROS2_WS/install/rplidar_ros/lib/pkgconfig/rplidar_ros.pc'
[16.561s] Level 1:colcon.colcon_core.environment:checking '/home/jujuba/Documents/DROID/WORK/TREKKING_ROS2_WS/install/rplidar_ros/lib/python3.12/site-packages'
[16.561s] Level 1:colcon.colcon_core.environment:checking '/home/jujuba/Documents/DROID/WORK/TREKKING_ROS2_WS/install/rplidar_ros/bin'
[16.561s] INFO:colcon.colcon_core.shell:Creating package script '/home/jujuba/Documents/DROID/WORK/TREKKING_ROS2_WS/install/rplidar_ros/share/rplidar_ros/package.ps1'
[16.562s] INFO:colcon.colcon_core.shell:Creating package descriptor '/home/jujuba/Documents/DROID/WORK/TREKKING_ROS2_WS/install/rplidar_ros/share/rplidar_ros/package.dsv'
[16.563s] INFO:colcon.colcon_core.shell:Creating package script '/home/jujuba/Documents/DROID/WORK/TREKKING_ROS2_WS/install/rplidar_ros/share/rplidar_ros/package.sh'
[16.563s] INFO:colcon.colcon_core.shell:Creating package script '/home/jujuba/Documents/DROID/WORK/TREKKING_ROS2_WS/install/rplidar_ros/share/rplidar_ros/package.bash'
[16.564s] INFO:colcon.colcon_core.shell:Creating package script '/home/jujuba/Documents/DROID/WORK/TREKKING_ROS2_WS/install/rplidar_ros/share/rplidar_ros/package.zsh'
[16.564s] Level 1:colcon.colcon_core.environment:create_file_with_runtime_dependencies(/home/jujuba/Documents/DROID/WORK/TREKKING_ROS2_WS/install/rplidar_ros/share/colcon-core/packages/rplidar_ros)
[16.565s] Level 1:colcon.colcon_core.environment:create_environment_scripts_only(rplidar_ros)
[16.565s] Level 1:colcon.colcon_core.environment:checking '/home/jujuba/Documents/DROID/WORK/TREKKING_ROS2_WS/install/rplidar_ros' for CMake module files
[16.565s] Level 1:colcon.colcon_core.environment:checking '/home/jujuba/Documents/DROID/WORK/TREKKING_ROS2_WS/install/rplidar_ros' for CMake config files
[16.566s] Level 1:colcon.colcon_core.shell:create_environment_hook('rplidar_ros', 'cmake_prefix_path')
[16.566s] INFO:colcon.colcon_core.shell:Creating environment hook '/home/jujuba/Documents/DROID/WORK/TREKKING_ROS2_WS/install/rplidar_ros/share/rplidar_ros/hook/cmake_prefix_path.ps1'
[16.567s] INFO:colcon.colcon_core.shell:Creating environment descriptor '/home/jujuba/Documents/DROID/WORK/TREKKING_ROS2_WS/install/rplidar_ros/share/rplidar_ros/hook/cmake_prefix_path.dsv'
[16.567s] INFO:colcon.colcon_core.shell:Creating environment hook '/home/jujuba/Documents/DROID/WORK/TREKKING_ROS2_WS/install/rplidar_ros/share/rplidar_ros/hook/cmake_prefix_path.sh'
[16.568s] Level 1:colcon.colcon_core.environment:checking '/home/jujuba/Documents/DROID/WORK/TREKKING_ROS2_WS/install/rplidar_ros/lib'
[16.568s] Level 1:colcon.colcon_core.environment:checking '/home/jujuba/Documents/DROID/WORK/TREKKING_ROS2_WS/install/rplidar_ros/bin'
[16.568s] Level 1:colcon.colcon_core.environment:checking '/home/jujuba/Documents/DROID/WORK/TREKKING_ROS2_WS/install/rplidar_ros/lib/pkgconfig/rplidar_ros.pc'
[16.569s] Level 1:colcon.colcon_core.environment:checking '/home/jujuba/Documents/DROID/WORK/TREKKING_ROS2_WS/install/rplidar_ros/lib/python3.12/site-packages'
[16.569s] Level 1:colcon.colcon_core.environment:checking '/home/jujuba/Documents/DROID/WORK/TREKKING_ROS2_WS/install/rplidar_ros/bin'
[16.569s] INFO:colcon.colcon_core.shell:Creating package script '/home/jujuba/Documents/DROID/WORK/TREKKING_ROS2_WS/install/rplidar_ros/share/rplidar_ros/package.ps1'
[16.570s] INFO:colcon.colcon_core.shell:Creating package descriptor '/home/jujuba/Documents/DROID/WORK/TREKKING_ROS2_WS/install/rplidar_ros/share/rplidar_ros/package.dsv'
[16.570s] INFO:colcon.colcon_core.shell:Creating package script '/home/jujuba/Documents/DROID/WORK/TREKKING_ROS2_WS/install/rplidar_ros/share/rplidar_ros/package.sh'
[16.571s] INFO:colcon.colcon_core.shell:Creating package script '/home/jujuba/Documents/DROID/WORK/TREKKING_ROS2_WS/install/rplidar_ros/share/rplidar_ros/package.bash'
[16.571s] INFO:colcon.colcon_core.shell:Creating package script '/home/jujuba/Documents/DROID/WORK/TREKKING_ROS2_WS/install/rplidar_ros/share/rplidar_ros/package.zsh'
[16.572s] Level 1:colcon.colcon_core.environment:create_file_with_runtime_dependencies(/home/jujuba/Documents/DROID/WORK/TREKKING_ROS2_WS/install/rplidar_ros/share/colcon-core/packages/rplidar_ros)
[27.756s] DEBUG:colcon.colcon_core.event_handler.log_command:Invoked command in '/home/jujuba/Documents/DROID/WORK/TREKKING_ROS2_WS/build/rf2o_laser_odometry' returned '0': CMAKE_PREFIX_PATH=${CMAKE_PREFIX_PATH}:/opt/ros/jazzy DEBUGINFOD_URLS=https://debuginfod.ubuntu.com /usr/bin/cmake --build /home/jujuba/Documents/DROID/WORK/TREKKING_ROS2_WS/build/rf2o_laser_odometry -- -j12 -l12
[27.757s] DEBUG:colcon.colcon_core.event_handler.log_command:Invoking command in '/home/jujuba/Documents/DROID/WORK/TREKKING_ROS2_WS/build/rf2o_laser_odometry': CMAKE_PREFIX_PATH=${CMAKE_PREFIX_PATH}:/opt/ros/jazzy DEBUGINFOD_URLS=https://debuginfod.ubuntu.com /usr/bin/cmake --install /home/jujuba/Documents/DROID/WORK/TREKKING_ROS2_WS/build/rf2o_laser_odometry
[27.981s] Level 1:colcon.colcon_core.environment:create_environment_scripts_only(rf2o_laser_odometry)
[27.981s] Level 1:colcon.colcon_core.environment:checking '/home/jujuba/Documents/DROID/WORK/TREKKING_ROS2_WS/install/rf2o_laser_odometry' for CMake module files
[27.982s] DEBUG:colcon.colcon_core.event_handler.log_command:Invoked command in '/home/jujuba/Documents/DROID/WORK/TREKKING_ROS2_WS/build/rf2o_laser_odometry' returned '0': CMAKE_PREFIX_PATH=${CMAKE_PREFIX_PATH}:/opt/ros/jazzy DEBUGINFOD_URLS=https://debuginfod.ubuntu.com /usr/bin/cmake --install /home/jujuba/Documents/DROID/WORK/TREKKING_ROS2_WS/build/rf2o_laser_odometry
[27.982s] Level 1:colcon.colcon_core.environment:checking '/home/jujuba/Documents/DROID/WORK/TREKKING_ROS2_WS/install/rf2o_laser_odometry' for CMake config files
[27.982s] Level 1:colcon.colcon_core.shell:create_environment_hook('rf2o_laser_odometry', 'cmake_prefix_path')
[27.982s] INFO:colcon.colcon_core.shell:Creating environment hook '/home/jujuba/Documents/DROID/WORK/TREKKING_ROS2_WS/install/rf2o_laser_odometry/share/rf2o_laser_odometry/hook/cmake_prefix_path.ps1'
[27.983s] INFO:colcon.colcon_core.shell:Creating environment descriptor '/home/jujuba/Documents/DROID/WORK/TREKKING_ROS2_WS/install/rf2o_laser_odometry/share/rf2o_laser_odometry/hook/cmake_prefix_path.dsv'
[27.983s] INFO:colcon.colcon_core.shell:Creating environment hook '/home/jujuba/Documents/DROID/WORK/TREKKING_ROS2_WS/install/rf2o_laser_odometry/share/rf2o_laser_odometry/hook/cmake_prefix_path.sh'
[27.983s] Level 1:colcon.colcon_core.environment:checking '/home/jujuba/Documents/DROID/WORK/TREKKING_ROS2_WS/install/rf2o_laser_odometry/lib'
[27.983s] Level 1:colcon.colcon_core.environment:checking '/home/jujuba/Documents/DROID/WORK/TREKKING_ROS2_WS/install/rf2o_laser_odometry/bin'
[27.984s] Level 1:colcon.colcon_core.environment:checking '/home/jujuba/Documents/DROID/WORK/TREKKING_ROS2_WS/install/rf2o_laser_odometry/lib/pkgconfig/rf2o_laser_odometry.pc'
[27.984s] Level 1:colcon.colcon_core.environment:checking '/home/jujuba/Documents/DROID/WORK/TREKKING_ROS2_WS/install/rf2o_laser_odometry/lib/python3.12/site-packages'
[27.984s] Level 1:colcon.colcon_core.environment:checking '/home/jujuba/Documents/DROID/WORK/TREKKING_ROS2_WS/install/rf2o_laser_odometry/bin'
[27.984s] INFO:colcon.colcon_core.shell:Creating package script '/home/jujuba/Documents/DROID/WORK/TREKKING_ROS2_WS/install/rf2o_laser_odometry/share/rf2o_laser_odometry/package.ps1'
[27.984s] INFO:colcon.colcon_core.shell:Creating package descriptor '/home/jujuba/Documents/DROID/WORK/TREKKING_ROS2_WS/install/rf2o_laser_odometry/share/rf2o_laser_odometry/package.dsv'
[27.985s] INFO:colcon.colcon_core.shell:Creating package script '/home/jujuba/Documents/DROID/WORK/TREKKING_ROS2_WS/install/rf2o_laser_odometry/share/rf2o_laser_odometry/package.sh'
[27.985s] INFO:colcon.colcon_core.shell:Creating package script '/home/jujuba/Documents/DROID/WORK/TREKKING_ROS2_WS/install/rf2o_laser_odometry/share/rf2o_laser_odometry/package.bash'
[27.985s] INFO:colcon.colcon_core.shell:Creating package script '/home/jujuba/Documents/DROID/WORK/TREKKING_ROS2_WS/install/rf2o_laser_odometry/share/rf2o_laser_odometry/package.zsh'
[27.985s] Level 1:colcon.colcon_core.environment:create_file_with_runtime_dependencies(/home/jujuba/Documents/DROID/WORK/TREKKING_ROS2_WS/install/rf2o_laser_odometry/share/colcon-core/packages/rf2o_laser_odometry)
[27.986s] Level 1:colcon.colcon_core.environment:create_environment_scripts_only(rf2o_laser_odometry)
[27.986s] Level 1:colcon.colcon_core.environment:checking '/home/jujuba/Documents/DROID/WORK/TREKKING_ROS2_WS/install/rf2o_laser_odometry' for CMake module files
[27.986s] Level 1:colcon.colcon_core.environment:checking '/home/jujuba/Documents/DROID/WORK/TREKKING_ROS2_WS/install/rf2o_laser_odometry' for CMake config files
[27.987s] Level 1:colcon.colcon_core.shell:create_environment_hook('rf2o_laser_odometry', 'cmake_prefix_path')
[27.987s] INFO:colcon.colcon_core.shell:Creating environment hook '/home/jujuba/Documents/DROID/WORK/TREKKING_ROS2_WS/install/rf2o_laser_odometry/share/rf2o_laser_odometry/hook/cmake_prefix_path.ps1'
[27.987s] INFO:colcon.colcon_core.shell:Creating environment descriptor '/home/jujuba/Documents/DROID/WORK/TREKKING_ROS2_WS/install/rf2o_laser_odometry/share/rf2o_laser_odometry/hook/cmake_prefix_path.dsv'
[27.987s] INFO:colcon.colcon_core.shell:Creating environment hook '/home/jujuba/Documents/DROID/WORK/TREKKING_ROS2_WS/install/rf2o_laser_odometry/share/rf2o_laser_odometry/hook/cmake_prefix_path.sh'
[27.988s] Level 1:colcon.colcon_core.environment:checking '/home/jujuba/Documents/DROID/WORK/TREKKING_ROS2_WS/install/rf2o_laser_odometry/lib'
[27.988s] Level 1:colcon.colcon_core.environment:checking '/home/jujuba/Documents/DROID/WORK/TREKKING_ROS2_WS/install/rf2o_laser_odometry/bin'
[27.988s] Level 1:colcon.colcon_core.environment:checking '/home/jujuba/Documents/DROID/WORK/TREKKING_ROS2_WS/install/rf2o_laser_odometry/lib/pkgconfig/rf2o_laser_odometry.pc'
[27.988s] Level 1:colcon.colcon_core.environment:checking '/home/jujuba/Documents/DROID/WORK/TREKKING_ROS2_WS/install/rf2o_laser_odometry/lib/python3.12/site-packages'
[27.988s] Level 1:colcon.colcon_core.environment:checking '/home/jujuba/Documents/DROID/WORK/TREKKING_ROS2_WS/install/rf2o_laser_odometry/bin'
[27.988s] INFO:colcon.colcon_core.shell:Creating package script '/home/jujuba/Documents/DROID/WORK/TREKKING_ROS2_WS/install/rf2o_laser_odometry/share/rf2o_laser_odometry/package.ps1'
[27.989s] INFO:colcon.colcon_core.shell:Creating package descriptor '/home/jujuba/Documents/DROID/WORK/TREKKING_ROS2_WS/install/rf2o_laser_odometry/share/rf2o_laser_odometry/package.dsv'
[27.989s] INFO:colcon.colcon_core.shell:Creating package script '/home/jujuba/Documents/DROID/WORK/TREKKING_ROS2_WS/install/rf2o_laser_odometry/share/rf2o_laser_odometry/package.sh'
[27.989s] INFO:colcon.colcon_core.shell:Creating package script '/home/jujuba/Documents/DROID/WORK/TREKKING_ROS2_WS/install/rf2o_laser_odometry/share/rf2o_laser_odometry/package.bash'
[27.989s] INFO:colcon.colcon_core.shell:Creating package script '/home/jujuba/Documents/DROID/WORK/TREKKING_ROS2_WS/install/rf2o_laser_odometry/share/rf2o_laser_odometry/package.zsh'
[27.990s] Level 1:colcon.colcon_core.environment:create_file_with_runtime_dependencies(/home/jujuba/Documents/DROID/WORK/TREKKING_ROS2_WS/install/rf2o_laser_odometry/share/colcon-core/packages/rf2o_laser_odometry)
[27.990s] DEBUG:colcon.colcon_parallel_executor.executor.parallel:closing loop
[27.990s] DEBUG:colcon.colcon_parallel_executor.executor.parallel:loop closed
[27.990s] DEBUG:colcon.colcon_parallel_executor.executor.parallel:run_until_complete finished with '0'
[27.990s] DEBUG:colcon.colcon_core.event_reactor:joining thread
[28.002s] INFO:colcon.colcon_core.plugin_system:Skipping extension 'colcon_notification.desktop_notification.terminal_notifier': Not used on non-Darwin systems
[28.002s] INFO:colcon.colcon_core.plugin_system:Skipping extension 'colcon_notification.desktop_notification.win32': Not used on non-Windows systems
[28.002s] INFO:colcon.colcon_notification.desktop_notification:Sending desktop notification using 'notify2'
[28.018s] DEBUG:colcon.colcon_core.event_reactor:joined thread
[28.018s] INFO:colcon.colcon_core.shell:Creating prefix script '/home/jujuba/Documents/DROID/WORK/TREKKING_ROS2_WS/install/local_setup.ps1'
[28.019s] INFO:colcon.colcon_core.shell:Creating prefix util module '/home/jujuba/Documents/DROID/WORK/TREKKING_ROS2_WS/install/_local_setup_util_ps1.py'
[28.020s] INFO:colcon.colcon_core.shell:Creating prefix chain script '/home/jujuba/Documents/DROID/WORK/TREKKING_ROS2_WS/install/setup.ps1'
[28.021s] INFO:colcon.colcon_core.shell:Creating prefix script '/home/jujuba/Documents/DROID/WORK/TREKKING_ROS2_WS/install/local_setup.sh'
[28.022s] INFO:colcon.colcon_core.shell:Creating prefix util module '/home/jujuba/Documents/DROID/WORK/TREKKING_ROS2_WS/install/_local_setup_util_sh.py'
[28.022s] INFO:colcon.colcon_core.shell:Creating prefix chain script '/home/jujuba/Documents/DROID/WORK/TREKKING_ROS2_WS/install/setup.sh'
[28.023s] INFO:colcon.colcon_core.shell:Creating prefix script '/home/jujuba/Documents/DROID/WORK/TREKKING_ROS2_WS/install/local_setup.bash'
[28.024s] INFO:colcon.colcon_core.shell:Creating prefix chain script '/home/jujuba/Documents/DROID/WORK/TREKKING_ROS2_WS/install/setup.bash'
[28.025s] INFO:colcon.colcon_core.shell:Creating prefix script '/home/jujuba/Documents/DROID/WORK/TREKKING_ROS2_WS/install/local_setup.zsh'
[28.025s] INFO:colcon.colcon_core.shell:Creating prefix chain script '/home/jujuba/Documents/DROID/WORK/TREKKING_ROS2_WS/install/setup.zsh'
