-- The C compiler identification is GNU 13.3.0
-- The CXX compiler identification is GNU 13.3.0
-- Detecting C compiler ABI info
-- Detecting C compiler ABI info - done
-- Check for working C compiler: /usr/bin/cc - skipped
-- Detecting C compile features
-- Detecting C compile features - done
-- Detecting CXX compiler ABI info
-- Detecting CXX compiler ABI info - done
-- Check for working CXX compiler: /usr/bin/c++ - skipped
-- Detecting CXX compile features
-- Detecting CXX compile features - done
-- Found ament_cmake: 2.5.4 (/opt/ros/jazzy/share/ament_cmake/cmake)
-- Found Python3: /usr/bin/python3 (found version "3.12.3") found components: Interpreter 
-- Override CMake install command with custom implementation using symlinks instead of copying resources
-- Found ament_lint_auto: 0.17.2 (/opt/ros/jazzy/share/ament_lint_auto/cmake)
-- Added test 'copyright' to check source files copyright and LICENSE
-- Added test 'flake8' to check Python code syntax and style conventions
-- Configured 'flake8' exclude dirs and/or files: 
-- Added test 'lint_cmake' to check CMake code style
-- Added test 'pep257' to check Python code against some of the docstring style conventions in PEP 257
-- Added test 'xmllint' to check XML markup files
-- Configuring done (1.8s)
-- Generating done (0.0s)
-- Build files have been written to: /home/jujuba/Documents/DROID/WORK/TREKKING_ROS2_WS/build/trekking
-- Install configuration: ""
-- Execute custom install script
-- Symlinking: /home/jujuba/Documents/DROID/WORK/TREKKING_ROS2_WS/install/trekking/share/trekking/config/mapper_params_online_async.yaml
-- Symlinking: /home/jujuba/Documents/DROID/WORK/TREKKING_ROS2_WS/install/trekking/share/trekking/config/nav2_params.yaml
-- Symlinking: /home/jujuba/Documents/DROID/WORK/TREKKING_ROS2_WS/install/trekking/share/trekking/config/view_bot.rviz
-- Symlinking: /home/jujuba/Documents/DROID/WORK/TREKKING_ROS2_WS/install/trekking/share/trekking/description/inertial_macros.xacro
-- Symlinking: /home/jujuba/Documents/DROID/WORK/TREKKING_ROS2_WS/install/trekking/share/trekking/description/lidar.xacro
-- Symlinking: /home/jujuba/Documents/DROID/WORK/TREKKING_ROS2_WS/install/trekking/share/trekking/description/robot_core.urdf.xacro
-- Symlinking: /home/jujuba/Documents/DROID/WORK/TREKKING_ROS2_WS/install/trekking/share/trekking/description/ros2_control.xacro
-- Symlinking: /home/jujuba/Documents/DROID/WORK/TREKKING_ROS2_WS/install/trekking/share/trekking/launch/localization_launch.py
-- Symlinking: /home/jujuba/Documents/DROID/WORK/TREKKING_ROS2_WS/install/trekking/share/trekking/launch/main.launch.py
-- Symlinking: /home/jujuba/Documents/DROID/WORK/TREKKING_ROS2_WS/install/trekking/share/trekking/launch/navigation_launch.py
-- Symlinking: /home/jujuba/Documents/DROID/WORK/TREKKING_ROS2_WS/install/trekking/share/trekking/launch/online_async_launch.py
-- Symlinking: /home/jujuba/Documents/DROID/WORK/TREKKING_ROS2_WS/install/trekking/share/trekking/launch/rsp.launch.py
-- Symlinking: /home/jujuba/Documents/DROID/WORK/TREKKING_ROS2_WS/install/trekking/share/trekking/launch/turn_led_on_launch.py
-- Symlinking: /home/jujuba/Documents/DROID/WORK/TREKKING_ROS2_WS/install/trekking/share/ament_index/resource_index/package_run_dependencies/trekking
-- Symlinking: /home/jujuba/Documents/DROID/WORK/TREKKING_ROS2_WS/install/trekking/share/ament_index/resource_index/parent_prefix_path/trekking
-- Symlinking: /home/jujuba/Documents/DROID/WORK/TREKKING_ROS2_WS/install/trekking/share/trekking/environment/ament_prefix_path.sh
-- Symlinking: /home/jujuba/Documents/DROID/WORK/TREKKING_ROS2_WS/install/trekking/share/trekking/environment/ament_prefix_path.dsv
-- Symlinking: /home/jujuba/Documents/DROID/WORK/TREKKING_ROS2_WS/install/trekking/share/trekking/environment/path.sh
-- Symlinking: /home/jujuba/Documents/DROID/WORK/TREKKING_ROS2_WS/install/trekking/share/trekking/environment/path.dsv
-- Symlinking: /home/jujuba/Documents/DROID/WORK/TREKKING_ROS2_WS/install/trekking/share/trekking/local_setup.bash
-- Symlinking: /home/jujuba/Documents/DROID/WORK/TREKKING_ROS2_WS/install/trekking/share/trekking/local_setup.sh
-- Symlinking: /home/jujuba/Documents/DROID/WORK/TREKKING_ROS2_WS/install/trekking/share/trekking/local_setup.zsh
-- Symlinking: /home/jujuba/Documents/DROID/WORK/TREKKING_ROS2_WS/install/trekking/share/trekking/local_setup.dsv
-- Symlinking: /home/jujuba/Documents/DROID/WORK/TREKKING_ROS2_WS/install/trekking/share/trekking/package.dsv
-- Symlinking: /home/jujuba/Documents/DROID/WORK/TREKKING_ROS2_WS/install/trekking/share/ament_index/resource_index/packages/trekking
-- Symlinking: /home/jujuba/Documents/DROID/WORK/TREKKING_ROS2_WS/install/trekking/share/trekking/cmake/trekkingConfig.cmake
-- Symlinking: /home/jujuba/Documents/DROID/WORK/TREKKING_ROS2_WS/install/trekking/share/trekking/cmake/trekkingConfig-version.cmake
-- Symlinking: /home/jujuba/Documents/DROID/WORK/TREKKING_ROS2_WS/install/trekking/share/trekking/package.xml
